  program_definition.cpp
c:\users\potatoe\source\repos\firework\headers\program_class.h(6): error C2236: unexpected token 'class'. Did you forget a ';'?
c:\users\potatoe\source\repos\firework\headers\program_class.h(6): error C2059: syntax error: '{'
c:\users\potatoe\source\repos\firework\headers\program_class.h(6): error C2143: syntax error: missing ';' before '{'
c:\users\potatoe\source\repos\firework\headers\program_class.h(6): error C2447: '{': missing function header (old-style formal list?)
c:\users\potatoe\source\repos\firework\class definitions\program_definition.cpp(3): error C2653: 'Program': is not a class or namespace name
c:\users\potatoe\source\repos\firework\class definitions\program_definition.cpp(3): error C4430: missing type specifier - int assumed. Note: C++ does not support default-int
c:\users\potatoe\source\repos\firework\class definitions\program_definition.cpp(4): error C2065: 'ID': undeclared identifier
c:\users\potatoe\source\repos\firework\class definitions\program_definition.cpp(5): error C2065: 'ID': undeclared identifier
c:\users\potatoe\source\repos\firework\class definitions\program_definition.cpp(6): error C2065: 'ID': undeclared identifier
c:\users\potatoe\source\repos\firework\class definitions\program_definition.cpp(7): warning C4508: 'Program': function should return a value; 'void' return type assumed
c:\users\potatoe\source\repos\firework\class definitions\program_definition.cpp(10): error C2510: 'Program': left of '::' must be a class/struct/union
c:\users\potatoe\source\repos\firework\class definitions\program_definition.cpp(11): error C2065: 'ID': undeclared identifier
c:\users\potatoe\source\repos\firework\class definitions\program_definition.cpp(14): error C2510: 'Program': left of '::' must be a class/struct/union
c:\users\potatoe\source\repos\firework\class definitions\program_definition.cpp(15): error C2065: 'ID': undeclared identifier
  shader_definition.cpp
c:\users\potatoe\source\repos\firework\class definitions\shader_definition.cpp(5): error C2628: 'Shader' followed by 'char' is illegal (did you forget a ';'?)
c:\users\potatoe\source\repos\firework\class definitions\shader_definition.cpp(5): error C2556: 'Shader *Shader::read_shader_source(const char *)': overloaded function differs only by return type from 'char *Shader::read_shader_source(const char *)'
  c:\users\potatoe\source\repos\firework\headers\shader_class.h(20): note: see declaration of 'Shader::read_shader_source'
c:\users\potatoe\source\repos\firework\class definitions\shader_definition.cpp(5): error C2371: 'Shader::read_shader_source': redefinition; different basic types
  c:\users\potatoe\source\repos\firework\headers\shader_class.h(20): note: see declaration of 'Shader::read_shader_source'
c:\users\potatoe\source\repos\firework\class definitions\shader_definition.cpp(6): error C4996: 'fopen': This function or variable may be unsafe. Consider using fopen_s instead. To disable deprecation, use _CRT_SECURE_NO_WARNINGS. See online help for details.
  c:\program files (x86)\windows kits\10\include\10.0.17763.0\ucrt\stdio.h(208): note: see declaration of 'fopen'
  firework_main.cpp
c:\users\potatoe\source\repos\firework\headers\program_class.h(6): error C2236: unexpected token 'class'. Did you forget a ';'?
c:\users\potatoe\source\repos\firework\headers\program_class.h(6): error C2059: syntax error: '{'
c:\users\potatoe\source\repos\firework\headers\program_class.h(6): error C2143: syntax error: missing ';' before '{'
c:\users\potatoe\source\repos\firework\headers\program_class.h(6): error C2447: '{': missing function header (old-style formal list?)
c:\users\potatoe\source\repos\firework\source\firework_main.cpp(46): error C2065: 'Program': undeclared identifier
c:\users\potatoe\source\repos\firework\source\firework_main.cpp(46): error C2146: syntax error: missing ';' before identifier 'firework_program'
c:\users\potatoe\source\repos\firework\source\firework_main.cpp(46): error C3861: 'firework_program': identifier not found
c:\users\potatoe\source\repos\firework\source\firework_main.cpp(47): error C2065: 'firework_program': undeclared identifier
c:\users\potatoe\source\repos\firework\source\firework_main.cpp(56): error C2065: 'firework_program': undeclared identifier
c:\users\potatoe\source\repos\firework\source\firework_main.cpp(61): error C3861: 'processInput': identifier not found
  init.cpp
c:\users\potatoe\source\repos\firework\headers\program_class.h(6): error C2236: unexpected token 'class'. Did you forget a ';'?
c:\users\potatoe\source\repos\firework\headers\program_class.h(6): error C2059: syntax error: '{'
c:\users\potatoe\source\repos\firework\headers\program_class.h(6): error C2143: syntax error: missing ';' before '{'
c:\users\potatoe\source\repos\firework\headers\program_class.h(6): error C2447: '{': missing function header (old-style formal list?)
c:\users\potatoe\source\repos\firework\source\init.cpp(5): error C4430: missing type specifier - int assumed. Note: C++ does not support default-int
c:\users\potatoe\source\repos\firework\source\init.cpp(5): error C2146: syntax error: missing ';' before identifier 'firework_program'
c:\users\potatoe\source\repos\firework\source\init.cpp(12): error C2664: 'void (GLenum,GLuint)': cannot convert argument 2 from 'GLuint *' to 'GLuint'
  c:\users\potatoe\source\repos\firework\source\init.cpp(12): note: There is no context in which this conversion is possible
c:\users\potatoe\source\repos\firework\source\init.cpp(14): error C2039: 'particle_vertices': is not a member of 'particle_emitter'
  c:\users\potatoe\source\repos\firework\headers\particle_emitter_class.h(8): note: see declaration of 'particle_emitter'
c:\users\potatoe\source\repos\firework\source\init.cpp(14): error C2039: 'particle_colors': is not a member of 'particle_emitter'
  c:\users\potatoe\source\repos\firework\headers\particle_emitter_class.h(8): note: see declaration of 'particle_emitter'
c:\users\potatoe\source\repos\firework\source\init.cpp(14): error C2198: 'PFNGLBUFFERDATAPROC': too few arguments for call
c:\users\potatoe\source\repos\firework\source\init.cpp(15): error C2039: 'particle_vertices': is not a member of 'particle_emitter'
  c:\users\potatoe\source\repos\firework\headers\particle_emitter_class.h(8): note: see declaration of 'particle_emitter'
c:\users\potatoe\source\repos\firework\source\init.cpp(15): error C2198: 'PFNGLBUFFERSUBDATAPROC': too few arguments for call
c:\users\potatoe\source\repos\firework\source\init.cpp(16): error C2039: 'particle_vertices': is not a member of 'particle_emitter'
  c:\users\potatoe\source\repos\firework\headers\particle_emitter_class.h(8): note: see declaration of 'particle_emitter'
c:\users\potatoe\source\repos\firework\source\init.cpp(16): error C2039: 'particle_colors': is not a member of 'particle_emitter'
  c:\users\potatoe\source\repos\firework\headers\particle_emitter_class.h(8): note: see declaration of 'particle_emitter'
c:\users\potatoe\source\repos\firework\source\init.cpp(16): error C2198: 'PFNGLBUFFERSUBDATAPROC': too few arguments for call
c:\users\potatoe\source\repos\firework\source\init.cpp(20): error C2065: 'FALSE': undeclared identifier
c:\users\potatoe\source\repos\firework\source\init.cpp(21): error C2039: 'particle_vertices': is not a member of 'particle_emitter'
  c:\users\potatoe\source\repos\firework\headers\particle_emitter_class.h(8): note: see declaration of 'particle_emitter'
c:\users\potatoe\source\repos\firework\source\init.cpp(21): error C2065: 'FALSE': undeclared identifier
  Generating Code...
