c:\users\potatoe\source\repos\firework\firework\debug\vc141.pdb
c:\users\potatoe\source\repos\firework\firework\debug\vc141.idb
c:\users\potatoe\source\repos\firework\firework\debug\glad.obj
c:\users\potatoe\source\repos\firework\firework\debug\particle_emitter_definition.obj
c:\users\potatoe\source\repos\firework\firework\debug\particle_definition.obj
c:\users\potatoe\source\repos\firework\firework\debug\render.obj
c:\users\potatoe\source\repos\firework\firework\debug\init_window.obj
c:\users\potatoe\source\repos\firework\firework\debug\init.obj
c:\users\potatoe\source\repos\firework\firework\debug\program_definition.obj
c:\users\potatoe\source\repos\firework\firework\debug\floor_definition.obj
c:\users\potatoe\source\repos\firework\firework\debug\firework_main.obj
c:\users\potatoe\source\repos\firework\firework\debug\shader_definition.obj
c:\users\potatoe\source\repos\firework\firework\debug\display.obj
c:\users\potatoe\source\repos\firework\debug\firework.exe
c:\users\potatoe\source\repos\firework\debug\firework.ilk
c:\users\potatoe\source\repos\firework\debug\firework.pdb
c:\users\potatoe\source\repos\firework\firework\debug\firework.res
c:\users\potatoe\source\repos\firework\firework\debug\firework.tlog\cl.command.1.tlog
c:\users\potatoe\source\repos\firework\firework\debug\firework.tlog\cl.read.1.tlog
c:\users\potatoe\source\repos\firework\firework\debug\firework.tlog\cl.write.1.tlog
c:\users\potatoe\source\repos\firework\firework\debug\firework.tlog\link.command.1.tlog
c:\users\potatoe\source\repos\firework\firework\debug\firework.tlog\link.read.1.tlog
c:\users\potatoe\source\repos\firework\firework\debug\firework.tlog\link.write.1.tlog
c:\users\potatoe\source\repos\firework\firework\debug\firework.tlog\rc.command.1.tlog
c:\users\potatoe\source\repos\firework\firework\debug\firework.tlog\rc.read.1.tlog
c:\users\potatoe\source\repos\firework\firework\debug\firework.tlog\rc.write.1.tlog
